  buffer.cpp
  clienteENet.cpp
  conexionENet.cpp
  Manager.cpp
  paquete.cpp
  serializable.cpp
  servidorENet.cpp
  Server.cpp
enet.x86.lib(win32.obj) : warning LNK4075: se omite '/EDITANDCONTINUE' debido a la especificación '/OPT:ICF'
LINK : warning LNK4098: la biblioteca predeterminada'LIBCMTD' entra en conflicto con otras bibliotecas; use la biblioteca /NODEFAULTLIB:biblioteca
enet.x86.lib(win32.obj) : error LNK2001: símbolo externo __imp__timeBeginPeriod@4 sin resolver
enet.x86.lib(win32.obj) : error LNK2001: símbolo externo __imp__WSACleanup@0 sin resolver
enet.x86.lib(win32.obj) : error LNK2001: símbolo externo __imp__WSAStartup@8 sin resolver
enet.x86.lib(win32.obj) : error LNK2001: símbolo externo __imp__timeEndPeriod@4 sin resolver
enet.x86.lib(win32.obj) : error LNK2001: símbolo externo __imp__timeGetTime@0 sin resolver
enet.x86.lib(win32.obj) : error LNK2001: símbolo externo __imp__inet_addr@4 sin resolver
enet.x86.lib(win32.obj) : error LNK2001: símbolo externo __imp__gethostbyname@4 sin resolver
enet.x86.lib(win32.obj) : error LNK2001: símbolo externo __imp__inet_ntoa@4 sin resolver
enet.x86.lib(win32.obj) : error LNK2001: símbolo externo __imp__gethostbyaddr@12 sin resolver
enet.x86.lib(win32.obj) : error LNK2001: símbolo externo __imp__closesocket@4 sin resolver
enet.x86.lib(win32.obj) : error LNK2001: símbolo externo __imp__listen@8 sin resolver
enet.x86.lib(win32.obj) : error LNK2001: símbolo externo __imp__bind@12 sin resolver
enet.x86.lib(win32.obj) : error LNK2001: símbolo externo __imp__htons@4 sin resolver
enet.x86.lib(peer.obj) : error LNK2001: símbolo externo __imp__htons@4 sin resolver
enet.x86.lib(host.obj) : error LNK2001: símbolo externo __imp__htons@4 sin resolver
enet.x86.lib(protocol.obj) : error LNK2001: símbolo externo __imp__htons@4 sin resolver
enet.x86.lib(win32.obj) : error LNK2001: símbolo externo __imp__socket@12 sin resolver
enet.x86.lib(win32.obj) : error LNK2001: símbolo externo __imp__setsockopt@20 sin resolver
enet.x86.lib(win32.obj) : error LNK2001: símbolo externo __imp__ioctlsocket@12 sin resolver
enet.x86.lib(win32.obj) : error LNK2001: símbolo externo __imp__connect@12 sin resolver
enet.x86.lib(win32.obj) : error LNK2001: símbolo externo __imp__ntohs@4 sin resolver
enet.x86.lib(peer.obj) : error LNK2001: símbolo externo __imp__ntohs@4 sin resolver
enet.x86.lib(protocol.obj) : error LNK2001: símbolo externo __imp__ntohs@4 sin resolver
enet.x86.lib(win32.obj) : error LNK2001: símbolo externo __imp__accept@12 sin resolver
enet.x86.lib(win32.obj) : error LNK2001: símbolo externo __imp__WSAGetLastError@0 sin resolver
enet.x86.lib(win32.obj) : error LNK2001: símbolo externo __imp__WSASendTo@36 sin resolver
enet.x86.lib(win32.obj) : error LNK2001: símbolo externo __imp__WSARecvFrom@36 sin resolver
enet.x86.lib(win32.obj) : error LNK2001: símbolo externo ___WSAFDIsSet@8 sin resolver
enet.x86.lib(win32.obj) : error LNK2001: símbolo externo __imp__select@20 sin resolver
enet.x86.lib(peer.obj) : error LNK2001: símbolo externo __imp__htonl@4 sin resolver
enet.x86.lib(host.obj) : error LNK2001: símbolo externo __imp__htonl@4 sin resolver
enet.x86.lib(protocol.obj) : error LNK2001: símbolo externo __imp__htonl@4 sin resolver
enet.x86.lib(packet.obj) : error LNK2001: símbolo externo __imp__htonl@4 sin resolver
enet.x86.lib(peer.obj) : error LNK2001: símbolo externo __imp__ntohl@4 sin resolver
enet.x86.lib(protocol.obj) : error LNK2001: símbolo externo __imp__ntohl@4 sin resolver
D:\Documents\Unreal Projects\Cars\Release\Server.exe : fatal error LNK1120: 26 externos sin resolver
